<?xml version="1.0" encoding="UTF-8"?>
<!-- Generated by org.testng.reporters.JUnitXMLReporter -->
<testsuite ignored="4" hostname="MacBook-Pro-de-Juan.local" failures="0" tests="4" name="Negative Login Test JSON" time="85.163" errors="0" timestamp="17 jul. 2022 22:47:45 GMT">
  <testcase classname="android.tests.AndroidLoginTests" name="negativeLoginErrorsJson" time="12.367"/>
  <testcase classname="android.tests.AndroidLoginTests" name="negativeLoginErrorsJson" time="21.471"/>
  <testcase classname="android.tests.AndroidLoginTests" name="negativeLoginErrorsJson" time="11.912"/>
  <testcase classname="android.tests.AndroidLoginTests" name="negativeLoginErrorsJson" time="20.994"/>
  <testcase classname="android.tests.AndroidLoginTests" name="positiveLogin" time="0.0">
    <ignored/>
  </testcase> <!-- positiveLogin -->
  <testcase classname="android.tests.AndroidLoginTests" name="positiveLogin2" time="0.0">
    <ignored/>
  </testcase> <!-- positiveLogin2 -->
  <testcase classname="android.tests.AndroidLoginTests" name="negativeLoginErrors" time="0.0">
    <ignored/>
  </testcase> <!-- negativeLoginErrors -->
  <testcase classname="android.tests.AndroidLoginTests" name="negativeLoginWithInvalidCredentials" time="0.0">
    <ignored/>
  </testcase> <!-- negativeLoginWithInvalidCredentials -->
</testsuite> <!-- Negative Login Test JSON -->
