<?xml version="1.0" encoding="UTF-8"?>
<!-- Generated by org.testng.reporters.JUnitXMLReporter -->
<testsuite ignored="4" hostname="MacBook-Pro-de-Juan.local" failures="0" tests="4" name="Negative Login Test" time="65.752" errors="0" timestamp="21 jul. 2022 06:11:29 GMT">
  <testcase classname="android.tests.AndroidLoginTests" name="negativeLoginErrors" time="12.619"/>
  <testcase classname="android.tests.AndroidLoginTests" name="negativeLoginErrors" time="12.613"/>
  <testcase classname="android.tests.AndroidLoginTests" name="negativeLoginErrors" time="11.995"/>
  <testcase classname="android.tests.AndroidLoginTests" name="negativeLoginErrors" time="12.055"/>
  <testcase classname="android.tests.AndroidLoginTests" name="negativeLoginErrorsJson" time="0.0">
    <ignored/>
  </testcase> <!-- negativeLoginErrorsJson -->
  <testcase classname="android.tests.AndroidLoginTests" name="positiveLogin" time="0.0">
    <ignored/>
  </testcase> <!-- positiveLogin -->
  <testcase classname="android.tests.AndroidLoginTests" name="positiveLogin2" time="0.0">
    <ignored/>
  </testcase> <!-- positiveLogin2 -->
  <testcase classname="android.tests.AndroidLoginTests" name="negativeLoginWithInvalidCredentials" time="0.0">
    <ignored/>
  </testcase> <!-- negativeLoginWithInvalidCredentials -->
</testsuite> <!-- Negative Login Test -->
