<?xml version="1.0" encoding="UTF-8"?>
<!-- Generated by org.testng.reporters.JUnitXMLReporter -->
<testsuite ignored="4" hostname="MacBook-Pro-de-Juan.local" failures="0" tests="4" name="Negative Login Test" time="67.912" errors="0" timestamp="17 jul. 2022 22:46:19 GMT">
  <testcase classname="android.tests.AndroidLoginTests" name="negativeLoginErrors" time="12.829"/>
  <testcase classname="android.tests.AndroidLoginTests" name="negativeLoginErrors" time="12.539"/>
  <testcase classname="android.tests.AndroidLoginTests" name="negativeLoginErrors" time="12.278"/>
  <testcase classname="android.tests.AndroidLoginTests" name="negativeLoginErrors" time="11.947"/>
  <testcase classname="android.tests.AndroidLoginTests" name="negativeLoginErrorsJson" time="0.0">
    <ignored/>
  </testcase> <!-- negativeLoginErrorsJson -->
  <testcase classname="android.tests.AndroidLoginTests" name="positiveLogin" time="0.0">
    <ignored/>
  </testcase> <!-- positiveLogin -->
  <testcase classname="android.tests.AndroidLoginTests" name="positiveLogin2" time="0.0">
    <ignored/>
  </testcase> <!-- positiveLogin2 -->
  <testcase classname="android.tests.AndroidLoginTests" name="negativeLoginWithInvalidCredentials" time="0.0">
    <ignored/>
  </testcase> <!-- negativeLoginWithInvalidCredentials -->
</testsuite> <!-- Negative Login Test -->
