<?xml version="1.0" encoding="UTF-8"?>
<!-- Generated by org.testng.reporters.JUnitXMLReporter -->
<testsuite ignored="4" hostname="MacBook-Pro-de-Juan.local" failures="0" tests="4" name="Negative Login Test JSON" time="83.313" errors="0" timestamp="21 jul. 2022 06:12:52 GMT">
  <testcase classname="android.tests.AndroidLoginTests" name="negativeLoginErrorsJson" time="12.7"/>
  <testcase classname="android.tests.AndroidLoginTests" name="negativeLoginErrorsJson" time="21.507"/>
  <testcase classname="android.tests.AndroidLoginTests" name="negativeLoginErrorsJson" time="11.685"/>
  <testcase classname="android.tests.AndroidLoginTests" name="negativeLoginErrorsJson" time="20.87"/>
  <testcase classname="android.tests.AndroidLoginTests" name="positiveLogin" time="0.0">
    <ignored/>
  </testcase> <!-- positiveLogin -->
  <testcase classname="android.tests.AndroidLoginTests" name="positiveLogin2" time="0.0">
    <ignored/>
  </testcase> <!-- positiveLogin2 -->
  <testcase classname="android.tests.AndroidLoginTests" name="negativeLoginErrors" time="0.0">
    <ignored/>
  </testcase> <!-- negativeLoginErrors -->
  <testcase classname="android.tests.AndroidLoginTests" name="negativeLoginWithInvalidCredentials" time="0.0">
    <ignored/>
  </testcase> <!-- negativeLoginWithInvalidCredentials -->
</testsuite> <!-- Negative Login Test JSON -->
