<?xml version="1.0" encoding="UTF-8"?>
<!-- Generated by org.testng.reporters.JUnitXMLReporter -->
<testsuite ignored="4" hostname="MacBook-Pro-de-Juan.local" failures="0" tests="1" name="Negative Login Test - Invalid Credentials" time="23.066" errors="0" timestamp="2022-07-21T03:55:45 ART">
  <testcase classname="android.tests.AndroidLoginTests" name="negativeLoginWithInvalidCredentials" time="8.498"/>
  <testcase classname="android.tests.AndroidLoginTests" name="negativeLoginErrors" time="0.0">
    <ignored/>
  </testcase> <!-- negativeLoginErrors -->
  <testcase classname="android.tests.AndroidLoginTests" name="positiveLogin2" time="0.0">
    <ignored/>
  </testcase> <!-- positiveLogin2 -->
  <testcase classname="android.tests.AndroidLoginTests" name="negativeLoginErrorsJson" time="0.0">
    <ignored/>
  </testcase> <!-- negativeLoginErrorsJson -->
  <testcase classname="android.tests.AndroidLoginTests" name="positiveLogin" time="0.0">
    <ignored/>
  </testcase> <!-- positiveLogin -->
</testsuite> <!-- Negative Login Test - Invalid Credentials -->
