<?xml version="1.0" encoding="UTF-8"?>
<!-- Generated by org.testng.reporters.JUnitXMLReporter -->
<testsuite ignored="3" hostname="MacBook-Pro-de-Juan.local" failures="0" tests="1" name="Positive Login Test 2" time="19.939" errors="0" timestamp="17 jul. 2022 21:43:06 GMT">
  <testcase classname="android.tests.AndroidLoginTests" name="positiveLogin2" time="5.364"/>
  <testcase classname="android.tests.AndroidLoginTests" name="positiveLogin" time="0.0">
    <ignored/>
  </testcase> <!-- positiveLogin -->
  <testcase classname="android.tests.AndroidLoginTests" name="negativeLoginErrors" time="0.0">
    <ignored/>
  </testcase> <!-- negativeLoginErrors -->
  <testcase classname="android.tests.AndroidLoginTests" name="negativeLoginWithInvalidCredentials" time="0.0">
    <ignored/>
  </testcase> <!-- negativeLoginWithInvalidCredentials -->
</testsuite> <!-- Positive Login Test 2 -->
