<?xml version="1.0" encoding="UTF-8"?>
<!-- Generated by org.testng.reporters.JUnitXMLReporter -->
<testsuite ignored="4" hostname="MacBook-Pro-de-Juan.local" failures="0" tests="1" name="Positive Login Test Android" time="29.697" errors="0" timestamp="17 jul. 2022 22:45:11 GMT">
  <testcase classname="android.tests.AndroidLoginTests" name="positiveLogin" time="12.092"/>
  <testcase classname="android.tests.AndroidLoginTests" name="negativeLoginErrorsJson" time="0.0">
    <ignored/>
  </testcase> <!-- negativeLoginErrorsJson -->
  <testcase classname="android.tests.AndroidLoginTests" name="positiveLogin2" time="0.0">
    <ignored/>
  </testcase> <!-- positiveLogin2 -->
  <testcase classname="android.tests.AndroidLoginTests" name="negativeLoginErrors" time="0.0">
    <ignored/>
  </testcase> <!-- negativeLoginErrors -->
  <testcase classname="android.tests.AndroidLoginTests" name="negativeLoginWithInvalidCredentials" time="0.0">
    <ignored/>
  </testcase> <!-- negativeLoginWithInvalidCredentials -->
</testsuite> <!-- Positive Login Test Android -->
