<?xml version="1.0" encoding="UTF-8"?>
<!-- Generated by org.testng.reporters.JUnitXMLReporter -->
<testsuite ignored="3" hostname="MacBook-Pro-de-Juan.local" failures="0" tests="1" name="Positive Login Test" time="40.312" errors="0" timestamp="23 jul. 2022 07:09:11 GMT">
  <testcase classname="ios.tests.IOSLoginTests" name="positiveLogin" time="19.7"/>
  <testcase classname="ios.tests.IOSLoginTests" name="positiveLogin2" time="0.0">
    <ignored/>
  </testcase> <!-- positiveLogin2 -->
  <testcase classname="ios.tests.IOSLoginTests" name="negativeLoginWithInvalidCredentials" time="0.0">
    <ignored/>
  </testcase> <!-- negativeLoginWithInvalidCredentials -->
  <testcase classname="ios.tests.IOSLoginTests" name="negativeLoginErrors" time="0.0">
    <ignored/>
  </testcase> <!-- negativeLoginErrors -->
</testsuite> <!-- Positive Login Test -->
