<?xml version="1.0" encoding="UTF-8"?>
<testng-results ignored="12" total="21" passed="9" failed="0" skipped="0">
  <reporter-output>
  </reporter-output>
  <suite started-at="2022-07-17T22:44:42Z" name="Android - Login Tests" finished-at="2022-07-17T22:47:44Z" duration-ms="182844">
    <groups>
    </groups>
    <test started-at="2022-07-17T22:44:42Z" name="Positive Login Test Android" finished-at="2022-07-17T22:45:11Z" duration-ms="29697">
      <class name="android.tests.AndroidLoginTests">
        <test-method is-config="true" signature="setCapabilities(org.testng.ITestContext)[pri:0, instance:android.tests.AndroidLoginTests@600b9d27]" started-at="2022-07-17T22:44:43Z" name="setCapabilities" finished-at="2022-07-17T22:44:58Z" duration-ms="15237" status="PASS">
          <params>
            <param index="0">
              <value>
                <![CDATA[org.testng.TestRunner@363a52f]]>
              </value>
            </param>
          </params>
          <reporter-output>
          </reporter-output>
        </test-method> <!-- setCapabilities -->
        <test-method is-config="true" signature="goToHomeScreen()[pri:0, instance:android.tests.AndroidLoginTests@600b9d27]" started-at="2022-07-17T22:44:58Z" name="goToHomeScreen" finished-at="2022-07-17T22:44:59Z" duration-ms="915" status="PASS">
          <reporter-output>
          </reporter-output>
        </test-method> <!-- goToHomeScreen -->
        <test-method signature="positiveLogin(java.lang.String, java.lang.String)[pri:0, instance:android.tests.AndroidLoginTests@600b9d27]" started-at="2022-07-17T22:44:59Z" name="positiveLogin" finished-at="2022-07-17T22:45:11Z" duration-ms="12092" status="PASS">
          <params>
            <param index="0">
              <value>
                <![CDATA[juancarlosgularte@bettervet.com]]>
              </value>
            </param>
            <param index="1">
              <value>
                <![CDATA[Helloworld10]]>
              </value>
            </param>
          </params>
          <reporter-output>
          </reporter-output>
        </test-method> <!-- positiveLogin -->
        <test-method is-config="true" signature="shutDown()[pri:0, instance:android.tests.AndroidLoginTests@600b9d27]" started-at="2022-07-17T22:45:11Z" name="shutDown" finished-at="2022-07-17T22:45:11Z" duration-ms="567" status="PASS">
          <reporter-output>
          </reporter-output>
        </test-method> <!-- shutDown -->
      </class> <!-- android.tests.AndroidLoginTests -->
    </test> <!-- Positive Login Test Android -->
    <test started-at="2022-07-17T22:45:11Z" name="Negative Login Test" finished-at="2022-07-17T22:46:19Z" duration-ms="67912">
      <class name="android.tests.AndroidLoginTests">
        <test-method is-config="true" signature="setCapabilities(org.testng.ITestContext)[pri:0, instance:android.tests.AndroidLoginTests@6d167f58]" started-at="2022-07-17T22:45:11Z" name="setCapabilities" finished-at="2022-07-17T22:45:25Z" duration-ms="13625" status="PASS">
          <params>
            <param index="0">
              <value>
                <![CDATA[org.testng.TestRunner@a4add54]]>
              </value>
            </param>
          </params>
          <reporter-output>
          </reporter-output>
        </test-method> <!-- setCapabilities -->
        <test-method is-config="true" signature="goToHomeScreen()[pri:0, instance:android.tests.AndroidLoginTests@6d167f58]" started-at="2022-07-17T22:45:25Z" name="goToHomeScreen" finished-at="2022-07-17T22:45:26Z" duration-ms="804" status="PASS">
          <reporter-output>
          </reporter-output>
        </test-method> <!-- goToHomeScreen -->
        <test-method signature="negativeLoginErrors(java.util.Map)[pri:0, instance:android.tests.AndroidLoginTests@6d167f58]" started-at="2022-07-17T22:45:26Z" name="negativeLoginErrors" data-provider="csvReader" finished-at="2022-07-17T22:45:39Z" duration-ms="12829" status="PASS">
          <params>
            <param index="0">
              <value>
                <![CDATA[{errorMessage=Please enter a valid email address, password=Helloworld10, n=1, username=juancarlosgularte}]]>
              </value>
            </param>
          </params>
          <reporter-output>
          </reporter-output>
        </test-method> <!-- negativeLoginErrors -->
        <test-method is-config="true" signature="goToHomeScreen()[pri:0, instance:android.tests.AndroidLoginTests@6d167f58]" started-at="2022-07-17T22:45:39Z" name="goToHomeScreen" finished-at="2022-07-17T22:45:40Z" duration-ms="1095" status="PASS">
          <reporter-output>
          </reporter-output>
        </test-method> <!-- goToHomeScreen -->
        <test-method signature="negativeLoginErrors(java.util.Map)[pri:0, instance:android.tests.AndroidLoginTests@6d167f58]" started-at="2022-07-17T22:45:40Z" name="negativeLoginErrors" data-provider="csvReader" finished-at="2022-07-17T22:45:52Z" duration-ms="12539" status="PASS">
          <params>
            <param index="0">
              <value>
                <![CDATA[{errorMessage=Your password must contain at least one number, a capital letter and a minimum of 6 characters, password=123, n=2, username=juancarlosgularte@bettervet.com}]]>
              </value>
            </param>
          </params>
          <reporter-output>
          </reporter-output>
        </test-method> <!-- negativeLoginErrors -->
        <test-method is-config="true" signature="goToHomeScreen()[pri:0, instance:android.tests.AndroidLoginTests@6d167f58]" started-at="2022-07-17T22:45:52Z" name="goToHomeScreen" finished-at="2022-07-17T22:45:54Z" duration-ms="1300" status="PASS">
          <reporter-output>
          </reporter-output>
        </test-method> <!-- goToHomeScreen -->
        <test-method signature="negativeLoginErrors(java.util.Map)[pri:0, instance:android.tests.AndroidLoginTests@6d167f58]" started-at="2022-07-17T22:45:54Z" name="negativeLoginErrors" data-provider="csvReader" finished-at="2022-07-17T22:46:06Z" duration-ms="12278" status="PASS">
          <params>
            <param index="0">
              <value>
                <![CDATA[{errorMessage=This field is required, password=, n=3, username=juancarlosgularte@bettervet.com}]]>
              </value>
            </param>
          </params>
          <reporter-output>
          </reporter-output>
        </test-method> <!-- negativeLoginErrors -->
        <test-method is-config="true" signature="goToHomeScreen()[pri:0, instance:android.tests.AndroidLoginTests@6d167f58]" started-at="2022-07-17T22:46:06Z" name="goToHomeScreen" finished-at="2022-07-17T22:46:07Z" duration-ms="1071" status="PASS">
          <reporter-output>
          </reporter-output>
        </test-method> <!-- goToHomeScreen -->
        <test-method signature="negativeLoginErrors(java.util.Map)[pri:0, instance:android.tests.AndroidLoginTests@6d167f58]" started-at="2022-07-17T22:46:07Z" name="negativeLoginErrors" data-provider="csvReader" finished-at="2022-07-17T22:46:19Z" duration-ms="11947" status="PASS">
          <params>
            <param index="0">
              <value>
                <![CDATA[{errorMessage=This field is required, password=Helloworld10, n=4, username=}]]>
              </value>
            </param>
          </params>
          <reporter-output>
          </reporter-output>
        </test-method> <!-- negativeLoginErrors -->
        <test-method is-config="true" signature="shutDown()[pri:0, instance:android.tests.AndroidLoginTests@6d167f58]" started-at="2022-07-17T22:46:19Z" name="shutDown" finished-at="2022-07-17T22:46:19Z" duration-ms="314" status="PASS">
          <reporter-output>
          </reporter-output>
        </test-method> <!-- shutDown -->
      </class> <!-- android.tests.AndroidLoginTests -->
    </test> <!-- Negative Login Test -->
    <test started-at="2022-07-17T22:46:19Z" name="Negative Login Test JSON" finished-at="2022-07-17T22:47:44Z" duration-ms="85163">
      <class name="android.tests.AndroidLoginTests">
        <test-method is-config="true" signature="setCapabilities(org.testng.ITestContext)[pri:0, instance:android.tests.AndroidLoginTests@54504ecd]" started-at="2022-07-17T22:46:19Z" name="setCapabilities" finished-at="2022-07-17T22:46:33Z" duration-ms="13548" status="PASS">
          <params>
            <param index="0">
              <value>
                <![CDATA[org.testng.TestRunner@141e5bef]]>
              </value>
            </param>
          </params>
          <reporter-output>
          </reporter-output>
        </test-method> <!-- setCapabilities -->
        <test-method is-config="true" signature="goToHomeScreen()[pri:0, instance:android.tests.AndroidLoginTests@54504ecd]" started-at="2022-07-17T22:46:33Z" name="goToHomeScreen" finished-at="2022-07-17T22:46:34Z" duration-ms="1010" status="PASS">
          <reporter-output>
          </reporter-output>
        </test-method> <!-- goToHomeScreen -->
        <test-method signature="negativeLoginErrorsJson(java.util.HashMap)[pri:0, instance:android.tests.AndroidLoginTests@54504ecd]" started-at="2022-07-17T22:46:34Z" name="negativeLoginErrorsJson" data-provider="jsonReader" finished-at="2022-07-17T22:46:47Z" duration-ms="12367" status="PASS">
          <params>
            <param index="0">
              <value>
                <![CDATA[{errorMessage=Please enter a valid email address, password=Helloworld10, username=juancarlosgularte}]]>
              </value>
            </param>
          </params>
          <reporter-output>
          </reporter-output>
        </test-method> <!-- negativeLoginErrorsJson -->
        <test-method is-config="true" signature="goToHomeScreen()[pri:0, instance:android.tests.AndroidLoginTests@54504ecd]" started-at="2022-07-17T22:46:47Z" name="goToHomeScreen" finished-at="2022-07-17T22:46:48Z" duration-ms="1075" status="PASS">
          <reporter-output>
          </reporter-output>
        </test-method> <!-- goToHomeScreen -->
        <test-method signature="negativeLoginErrorsJson(java.util.HashMap)[pri:0, instance:android.tests.AndroidLoginTests@54504ecd]" started-at="2022-07-17T22:46:48Z" name="negativeLoginErrorsJson" data-provider="jsonReader" finished-at="2022-07-17T22:47:09Z" duration-ms="21471" status="PASS">
          <params>
            <param index="0">
              <value>
                <![CDATA[{errorMessage=Your password must contain at least one number, a capital letter and a minimum of 6 characters, password=123, username=juancarlosgularte@bettervet.com}]]>
              </value>
            </param>
          </params>
          <reporter-output>
          </reporter-output>
        </test-method> <!-- negativeLoginErrorsJson -->
        <test-method is-config="true" signature="goToHomeScreen()[pri:0, instance:android.tests.AndroidLoginTests@54504ecd]" started-at="2022-07-17T22:47:09Z" name="goToHomeScreen" finished-at="2022-07-17T22:47:10Z" duration-ms="1005" status="PASS">
          <reporter-output>
          </reporter-output>
        </test-method> <!-- goToHomeScreen -->
        <test-method signature="negativeLoginErrorsJson(java.util.HashMap)[pri:0, instance:android.tests.AndroidLoginTests@54504ecd]" started-at="2022-07-17T22:47:10Z" name="negativeLoginErrorsJson" data-provider="jsonReader" finished-at="2022-07-17T22:47:22Z" duration-ms="11912" status="PASS">
          <params>
            <param index="0">
              <value>
                <![CDATA[{errorMessage=This field is required, password=, username=juancarlosgularte@bettervet.com}]]>
              </value>
            </param>
          </params>
          <reporter-output>
          </reporter-output>
        </test-method> <!-- negativeLoginErrorsJson -->
        <test-method is-config="true" signature="goToHomeScreen()[pri:0, instance:android.tests.AndroidLoginTests@54504ecd]" started-at="2022-07-17T22:47:22Z" name="goToHomeScreen" finished-at="2022-07-17T22:47:23Z" duration-ms="902" status="PASS">
          <reporter-output>
          </reporter-output>
        </test-method> <!-- goToHomeScreen -->
        <test-method signature="negativeLoginErrorsJson(java.util.HashMap)[pri:0, instance:android.tests.AndroidLoginTests@54504ecd]" started-at="2022-07-17T22:47:23Z" name="negativeLoginErrorsJson" data-provider="jsonReader" finished-at="2022-07-17T22:47:44Z" duration-ms="20994" status="PASS">
          <params>
            <param index="0">
              <value>
                <![CDATA[{errorMessage=This field is required, password=Helloworld10, username=}]]>
              </value>
            </param>
          </params>
          <reporter-output>
          </reporter-output>
        </test-method> <!-- negativeLoginErrorsJson -->
        <test-method is-config="true" signature="shutDown()[pri:0, instance:android.tests.AndroidLoginTests@54504ecd]" started-at="2022-07-17T22:47:44Z" name="shutDown" finished-at="2022-07-17T22:47:44Z" duration-ms="434" status="PASS">
          <reporter-output>
          </reporter-output>
        </test-method> <!-- shutDown -->
      </class> <!-- android.tests.AndroidLoginTests -->
    </test> <!-- Negative Login Test JSON -->
  </suite> <!-- Android - Login Tests -->
</testng-results>
