<?xml version="1.0" encoding="UTF-8"?>
<!-- Generated by org.testng.reporters.JUnitXMLReporter -->
<testsuite ignored="3" hostname="MacBook-Pro-de-Juan.local" failures="0" tests="1" name="Positive Login Test" time="34.57" errors="0" timestamp="17 jul. 2022 06:46:18 GMT">
  <testcase classname="ios.tests.LoginTests" name="positiveLogin" time="16.581"/>
  <testcase classname="ios.tests.LoginTests" name="negativeLoginWithInvalidCredentials" time="0.0">
    <ignored/>
  </testcase> <!-- negativeLoginWithInvalidCredentials -->
  <testcase classname="ios.tests.LoginTests" name="negativeLoginErrors" time="0.0">
    <ignored/>
  </testcase> <!-- negativeLoginErrors -->
  <testcase classname="ios.tests.LoginTests" name="positiveLogin2" time="0.0">
    <ignored/>
  </testcase> <!-- positiveLogin2 -->
</testsuite> <!-- Positive Login Test -->
